[2018-12-17T22:56:21.631] [ERROR] cheese - { [Error: ENOENT: no such file or directory, open '/Users/konglili/Desktop/全栈工程师/第二周node/node_app/dist/views/index.html']
  errno: -2,
  code: 'ENOENT',
  syscall: 'open',
  path:
   '/Users/konglili/Desktop/全栈工程师/第二周node/node_app/dist/views/index.html' }
[2018-12-17T22:56:29.151] [ERROR] cheese - { [Error: ENOENT: no such file or directory, open '/Users/konglili/Desktop/全栈工程师/第二周node/node_app/dist/views/index.html']
  errno: -2,
  code: 'ENOENT',
  syscall: 'open',
  path:
   '/Users/konglili/Desktop/全栈工程师/第二周node/node_app/dist/views/index.html' }
[2018-12-17T22:56:59.167] [ERROR] cheese - { [Error: ENOENT: no such file or directory, open '/Users/konglili/Desktop/全栈工程师/第二周node/node_app/dist/views/create.html']
  errno: -2,
  code: 'ENOENT',
  syscall: 'open',
  path:
   '/Users/konglili/Desktop/全栈工程师/第二周node/node_app/dist/views/create.html' }
[2019-01-08T17:23:05.253] [ERROR] cheese - { [Error: ENOENT: no such file or directory, open '/Users/konglili/Desktop/node_app/dist/views/books/pages/list.html']
  errno: -2,
  code: 'ENOENT',
  syscall: 'open',
  path:
   '/Users/konglili/Desktop/node_app/dist/views/books/pages/list.html' }
[2019-01-08T17:23:07.559] [ERROR] cheese - { [Error: ENOENT: no such file or directory, open '/Users/konglili/Desktop/node_app/dist/views/books/pages/list.html']
  errno: -2,
  code: 'ENOENT',
  syscall: 'open',
  path:
   '/Users/konglili/Desktop/node_app/dist/views/books/pages/list.html' }
[2019-01-08T17:25:29.809] [ERROR] cheese - { [Error: ENOENT: no such file or directory, open '/Users/konglili/Desktop/node_app/dist/views/index.html']
  errno: -2,
  code: 'ENOENT',
  syscall: 'open',
  path: '/Users/konglili/Desktop/node_app/dist/views/index.html' }
[2019-01-08T17:26:11.369] [ERROR] cheese - { [Error: ENOENT: no such file or directory, open '/Users/konglili/Desktop/node_app/dist/views/books/pages/list.html']
  errno: -2,
  code: 'ENOENT',
  syscall: 'open',
  path:
   '/Users/konglili/Desktop/node_app/dist/views/books/pages/list.html' }
[2019-01-08T17:26:12.636] [ERROR] cheese - { [Error: ENOENT: no such file or directory, open '/Users/konglili/Desktop/node_app/dist/views/books/pages/list.html']
  errno: -2,
  code: 'ENOENT',
  syscall: 'open',
  path:
   '/Users/konglili/Desktop/node_app/dist/views/books/pages/list.html' }
[2019-01-08T17:27:48.199] [ERROR] cheese - { [Error: ENOENT: no such file or directory, open '/Users/konglili/Desktop/node_app/dist/views/books/pages/list.html']
  errno: -2,
  code: 'ENOENT',
  syscall: 'open',
  path:
   '/Users/konglili/Desktop/node_app/dist/views/books/pages/list.html' }
[2019-01-09T10:34:18.592] [ERROR] cheese - { [Error: ENOENT: no such file or directory, open '/Users/konglili/Desktop/node_app/dist/views/books/pages/list.html']
  errno: -2,
  code: 'ENOENT',
  syscall: 'open',
  path:
   '/Users/konglili/Desktop/node_app/dist/views/books/pages/list.html' }
[2019-01-09T10:34:20.188] [ERROR] cheese - { [Error: ENOENT: no such file or directory, open '/Users/konglili/Desktop/node_app/dist/views/books/pages/list.html']
  errno: -2,
  code: 'ENOENT',
  syscall: 'open',
  path:
   '/Users/konglili/Desktop/node_app/dist/views/books/pages/list.html' }
[2019-01-09T10:34:22.146] [ERROR] cheese - { [Error: ENOENT: no such file or directory, open '/Users/konglili/Desktop/node_app/dist/views/books/pages/list.html']
  errno: -2,
  code: 'ENOENT',
  syscall: 'open',
  path:
   '/Users/konglili/Desktop/node_app/dist/views/books/pages/list.html' }
[2019-01-09T10:41:33.648] [ERROR] cheese - { Error: ENOENT: no such file or directory, open '/Users/konglili/Desktop/node_app/dist/components/banner/banner.html'
    at Object.openSync (fs.js:443:3)
    at Object.readFileSync (fs.js:348:35)
    at Object.ret.load (/Users/konglili/Desktop/node_app/node_modules/swig-templates/lib/loaders/filesystem.js:59:15)
    at exports.Swig.compileFile (/Users/konglili/Desktop/node_app/node_modules/swig-templates/lib/swig.js:740:31)
    at Object.eval [as tpl] (eval at precompile (/Users/konglili/Desktop/node_app/node_modules/swig-templates/lib/swig.js:537:13), <anonymous>:13:18)
    at compiled (/Users/konglili/Desktop/node_app/node_modules/swig-templates/lib/swig.js:664:18)
    at /Users/konglili/Desktop/node_app/node_modules/swig-templates/lib/swig.js:604:20
    at /Users/konglili/Desktop/node_app/node_modules/swig-templates/lib/swig.js:735:9
    at FSReqCallback.readFileAfterClose [as oncomplete] (internal/fs/read_file_context.js:53:3)
  errno: -2,
  syscall: 'open',
  code: 'ENOENT',
  path:
   '/Users/konglili/Desktop/node_app/dist/components/banner/banner.html' }
[2019-01-09T10:50:07.506] [ERROR] cheese - { Error: ENOENT: no such file or directory, open '/Users/konglili/Desktop/node_app/dist/views/books/common/layout.html'
    at Object.openSync (fs.js:443:3)
    at Object.readFileSync (fs.js:348:35)
    at Object.ret.load (/Users/konglili/Desktop/node_app/node_modules/swig-templates/lib/loaders/filesystem.js:59:15)
    at exports.Swig.parseFile (/Users/konglili/Desktop/node_app/node_modules/swig-templates/lib/swig.js:403:31)
    at getParents (/Users/konglili/Desktop/node_app/node_modules/swig-templates/lib/swig.js:480:14)
    at exports.Swig.precompile (/Users/konglili/Desktop/node_app/node_modules/swig-templates/lib/swig.js:527:19)
    at exports.Swig.compile (/Users/konglili/Desktop/node_app/node_modules/swig-templates/lib/swig.js:651:16)
    at /Users/konglili/Desktop/node_app/node_modules/swig-templates/lib/swig.js:729:27
    at FSReqCallback.readFileAfterClose [as oncomplete] (internal/fs/read_file_context.js:53:3)
  errno: -2,
  syscall: 'open',
  code: 'ENOENT',
  path:
   '/Users/konglili/Desktop/node_app/dist/views/books/common/layout.html' }
[2019-01-09T11:05:23.494] [ERROR] cheese - { [Error: ENOENT: no such file or directory, open '/Users/konglili/Desktop/node_app/dist/views/index.html']
  errno: -2,
  code: 'ENOENT',
  syscall: 'open',
  path: '/Users/konglili/Desktop/node_app/dist/views/index.html' }
[2019-01-09T15:02:23.641] [ERROR] cheese - { [Error: ENOENT: no such file or directory, open '/Users/konglili/Desktop/node_app/dist/views/index.html']
  errno: -2,
  code: 'ENOENT',
  syscall: 'open',
  path: '/Users/konglili/Desktop/node_app/dist/views/index.html' }
